#
# A fatal error has been detected by the Java Runtime Environment:
#
#  EXCEPTION_ACCESS_VIOLATION (0xc0000005) at pc=0x0000000062645f29, pid=34624, tid=0x0000000000007840
#
# JRE version: Java(TM) SE Runtime Environment (8.0_144-b01) (build 1.8.0_144-b01)
# Java VM: Java HotSpot(TM) 64-Bit Server VM (25.144-b01 mixed mode windows-amd64 compressed oops)
# Problematic frame:
# C  [libmkldnn.dll+0x545f29]
#
# Failed to write core dump. Minidumps are not enabled by default on client versions of Windows
#
# If you would like to submit a bug report, please visit:
#   http://bugreport.java.com/bugreport/crash.jsp
# The crash happened outside the Java Virtual Machine in native code.
# See problematic frame for where to report the bug.
#

---------------  T H R E A D  ---------------

Current thread (0x0000000003042800):  JavaThread "main" [_thread_in_native, id=30784, stack(0x0000000002db0000,0x0000000002eb0000)]

siginfo: ExceptionCode=0xc0000005, writing address 0x0000000000000000

Registers:
RAX=0x0000000032e2b040, RBX=0x0000000002eac090, RCX=0x0000000032e2b280, RDX=0x0000000000000000
RSP=0x0000000002eabe60, RBP=0x000000000000000c, RSI=0x0000000000000001, RDI=0x0000000000000000
R8 =0x0000000000000000, R9 =0x0000000000000008, R10=0x0000000000000240, R11=0x0000000000000000
R12=0x0000000000000000, R13=0x0000000000000000, R14=0x0000000002eac0d0, R15=0x0000000062115760
RIP=0x0000000062645f29, EFLAGS=0x0000000000010202

Top of Stack: (sp=0x0000000002eabe60)
0x0000000002eabe60:   000000037fffffff 0000000002eabe98
0x0000000002eabe70:   0000000000000000 0000000000000002
0x0000000002eabe80:   0000000002eabf18 000000006361d080
0x0000000002eabe90:   0000000000000000 0000000000000000
0x0000000002eabea0:   0000000000000480 0000000032e2b040
0x0000000002eabeb0:   0000000000000b40 0000000000000090
0x0000000002eabec0:   000000000000000c 0000000000000000
0x0000000002eabed0:   0000000000000000 0000000000000d80
0x0000000002eabee0:   0000000000000480 0000000000000060
0x0000000002eabef0:   0000000000000000 000000140000000c
0x0000000002eabf00:   000000800000000c 0000000300000001
0x0000000002eabf10:   0000000000000000 0000000000000480
0x0000000002eabf20:   0000000000000004 0000000002eac130
0x0000000002eabf30:   0000000002eac130 0000000000000004
0x0000000002eabf40:   0000000002eac0c8 0000000000000000
0x0000000002eabf50:   0000000000000000 0000000002eac220 

Instructions: (pc=0x0000000062645f29)
0x0000000062645f09:   78 48 8b b2 88 00 00 00 49 c1 e2 02 4c 89 da 48
0x0000000062645f19:   0f af d6 48 8d 0c 90 31 d2 f3 0f 10 01 4c 01 d1
0x0000000062645f29:   f3 41 0f 11 04 90 48 83 c2 01 41 39 d1 7f ea 49
0x0000000062645f39:   83 c3 01 49 83 c0 20 4c 39 dd 75 d0 8d 47 01 99 


Register to memory mapping:

RAX=0x0000000032e2b040 is an unknown value
RBX=0x0000000002eac090 is pointing into the stack for thread: 0x0000000003042800
RCX=0x0000000032e2b280 is an unknown value
RDX=0x0000000000000000 is an unknown value
RSP=0x0000000002eabe60 is pointing into the stack for thread: 0x0000000003042800
RBP=0x000000000000000c is an unknown value
RSI=0x0000000000000001 is an unknown value
RDI=0x0000000000000000 is an unknown value
R8 =0x0000000000000000 is an unknown value
R9 =0x0000000000000008 is an unknown value
R10=0x0000000000000240 is an unknown value
R11=0x0000000000000000 is an unknown value
R12=0x0000000000000000 is an unknown value
R13=0x0000000000000000 is an unknown value
R14=0x0000000002eac0d0 is pointing into the stack for thread: 0x0000000003042800
R15=0x0000000062115760 is an unknown value


Stack: [0x0000000002db0000,0x0000000002eb0000],  sp=0x0000000002eabe60,  free space=1007k
Native frames: (J=compiled Java code, j=interpreted, Vv=VM code, C=native code)
C  [libmkldnn.dll+0x545f29]
C  [libmkldnn.dll+0xb2996]
C  [libgomp-1.dll+0x5502]
C  [libmkldnn.dll+0x5a2641]
C  [libmkldnn.dll+0x15788]
C  [libmkldnn.dll+0x36e7b1]
C  [libmkldnn.dll+0x10b3d]
C  [libmkldnn.dll+0x110b9]
C  [libnd4jcpu.dll+0x12a96f2]
C  [libnd4jcpu.dll+0x138e887]
C  [libnd4jcpu.dll+0x11c44f3]
C  [libnd4jcpu.dll+0x24f0371]
C  [jnind4jcpu.dll+0xd18bc]
C  0x00000000038c1166

Java frames: (J=compiled Java code, j=interpreted, Vv=VM code)
J 2268  org.nd4j.nativeblas.Nd4jCpu$NativeOps.execCustomOp(Lorg/bytedeco/javacpp/PointerPointer;JLorg/bytedeco/javacpp/Pointer;)I (0 bytes) @ 0x00000000038c10e8 [0x00000000038c1080+0x68]
J 2137 C1 org.nd4j.linalg.cpu.nativecpu.ops.NativeOpExecutioner.exec(Lorg/nd4j/linalg/api/ops/CustomOp;Lorg/nd4j/linalg/api/ops/OpContext;)[Lorg/nd4j/linalg/api/ndarray/INDArray; (187 bytes) @ 0x00000000035ada3c [0x00000000035ad2e0+0x75c]
j  org.nd4j.linalg.cpu.nativecpu.ops.NativeOpExecutioner.exec(Lorg/nd4j/linalg/api/ops/CustomOp;)[Lorg/nd4j/linalg/api/ndarray/INDArray;+311
J 2526 C1 org.deeplearning4j.nn.layers.mkldnn.MKLDNNSubsamplingHelper.backpropGradient(Lorg/nd4j/linalg/api/ndarray/INDArray;Lorg/nd4j/linalg/api/ndarray/INDArray;[I[I[ILorg/deeplearning4j/nn/conf/layers/PoolingType;Lorg/deeplearning4j/nn/conf/ConvolutionMode;[ILorg/deeplearning4j/nn/workspace/LayerWorkspaceMgr;)Lorg/nd4j/linalg/primitives/Pair; (330 bytes) @ 0x0000000003a86e7c [0x0000000003a84560+0x291c]
J 2525 C1 org.deeplearning4j.nn.layers.convolution.subsampling.SubsamplingLayer.backpropGradient(Lorg/nd4j/linalg/api/ndarray/INDArray;Lorg/deeplearning4j/nn/workspace/LayerWorkspaceMgr;)Lorg/nd4j/linalg/primitives/Pair; (1501 bytes) @ 0x0000000003a6ad5c [0x0000000003a69840+0x151c]
J 2555 C1 org.deeplearning4j.nn.multilayer.MultiLayerNetwork.calcBackpropGradients(Lorg/nd4j/linalg/api/ndarray/INDArray;ZZZ)Lorg/nd4j/linalg/primitives/Pair; (1243 bytes) @ 0x0000000003aaea6c [0x0000000003aa9860+0x520c]
j  org.deeplearning4j.nn.multilayer.MultiLayerNetwork.computeGradientAndScore()V+384
j  org.deeplearning4j.nn.multilayer.MultiLayerNetwork.computeGradientAndScore(Lorg/deeplearning4j/nn/workspace/LayerWorkspaceMgr;)V+1
j  org.deeplearning4j.optimize.solvers.BaseOptimizer.gradientAndScore(Lorg/deeplearning4j/nn/workspace/LayerWorkspaceMgr;)Lorg/nd4j/linalg/primitives/Pair;+13
j  org.deeplearning4j.optimize.solvers.StochasticGradientDescent.optimize(Lorg/deeplearning4j/nn/workspace/LayerWorkspaceMgr;)Z+85
j  org.deeplearning4j.optimize.Solver.optimize(Lorg/deeplearning4j/nn/workspace/LayerWorkspaceMgr;)V+9
j  org.deeplearning4j.nn.multilayer.MultiLayerNetwork.fitHelper(Lorg/nd4j/linalg/dataset/api/iterator/DataSetIterator;)V+541
j  org.deeplearning4j.nn.multilayer.MultiLayerNetwork.fit(Lorg/nd4j/linalg/dataset/api/iterator/DataSetIterator;)V+2
j  killinglewis.NeuralNetwork.NeuralNetworkTrainAndSave.go()V+252
j  killinglewis.NeuralNetwork.NeuralNetworkTrainAndSave.main([Ljava/lang/String;)V+7
v  ~StubRoutines::call_stub

---------------  P R O C E S S  ---------------

Java Threads: ( => current thread )
  0x0000000021d57800 JavaThread "DeallocatorServiceThread_1" daemon [_thread_blocked, id=32484, stack(0x0000000025cb0000,0x0000000025db0000)]
  0x0000000021d5a800 JavaThread "DeallocatorServiceThread_0" daemon [_thread_blocked, id=25032, stack(0x0000000025bb0000,0x0000000025cb0000)]
  0x0000000021d56800 JavaThread "ADSI prefetch thread" daemon [_thread_in_native, id=34396, stack(0x0000000025310000,0x0000000025410000)]
  0x0000000021b21800 JavaThread "JavaCPP Deallocator" daemon [_thread_blocked, id=31660, stack(0x0000000024450000,0x0000000024550000)]
  0x00000000202a2000 JavaThread "Service Thread" daemon [_thread_blocked, id=33332, stack(0x0000000020f80000,0x0000000021080000)]
  0x0000000020204000 JavaThread "C1 CompilerThread3" daemon [_thread_blocked, id=34000, stack(0x0000000020e80000,0x0000000020f80000)]
  0x0000000020203800 JavaThread "C2 CompilerThread2" daemon [_thread_blocked, id=34784, stack(0x0000000020d80000,0x0000000020e80000)]
  0x0000000020202800 JavaThread "C2 CompilerThread1" daemon [_thread_blocked, id=32988, stack(0x0000000020c80000,0x0000000020d80000)]
  0x00000000201ee000 JavaThread "C2 CompilerThread0" daemon [_thread_blocked, id=30116, stack(0x0000000020b80000,0x0000000020c80000)]
  0x00000000201db800 JavaThread "Monitor Ctrl-Break" daemon [_thread_in_native, id=34556, stack(0x0000000020a80000,0x0000000020b80000)]
  0x000000001ead9000 JavaThread "Attach Listener" daemon [_thread_blocked, id=2188, stack(0x000000001f1b0000,0x000000001f2b0000)]
  0x000000001ead8000 JavaThread "Signal Dispatcher" daemon [_thread_blocked, id=16960, stack(0x000000001f0b0000,0x000000001f1b0000)]
  0x000000001ead0800 JavaThread "Finalizer" daemon [_thread_blocked, id=20328, stack(0x000000001eeb0000,0x000000001efb0000)]
  0x0000000003138800 JavaThread "Reference Handler" daemon [_thread_blocked, id=19596, stack(0x000000001e9b0000,0x000000001eab0000)]
=>0x0000000003042800 JavaThread "main" [_thread_in_native, id=30784, stack(0x0000000002db0000,0x0000000002eb0000)]

Other Threads:
  0x000000001cbd9800 VMThread [stack: 0x000000001e8b0000,0x000000001e9b0000] [id=30584]
  0x00000000203b4800 WatcherThread [stack: 0x0000000021080000,0x0000000021180000] [id=33752]

VM state:not at safepoint (normal execution)

VM Mutex/Monitor currently owned by a thread: None

Heap:
 PSYoungGen      total 1354240K, used 974608K [0x000000076b200000, 0x00000007c0000000, 0x00000007c0000000)
  eden space 1318400K, 73% used [0x000000076b200000,0x00000007a696c360,0x00000007bb980000)
  from space 35840K, 0% used [0x00000007bb980000,0x00000007bb9d8000,0x00000007bdc80000)
  to   space 35328K, 0% used [0x00000007bdd80000,0x00000007bdd80000,0x00000007c0000000)
 ParOldGen       total 175104K, used 50132K [0x00000006c1600000, 0x00000006cc100000, 0x000000076b200000)
  object space 175104K, 28% used [0x00000006c1600000,0x00000006c46f5268,0x00000006cc100000)
 Metaspace       used 18455K, capacity 18630K, committed 18944K, reserved 1067008K
  class space    used 2152K, capacity 2201K, committed 2304K, reserved 1048576K

Card table byte_map: [0x0000000012500000,0x0000000012d00000] byte_map_base: 0x000000000eef5000

Marking Bits: (ParMarkBitMap*) 0x0000000053d3d850
 Begin Bits: [0x0000000013a50000, 0x00000000179f8000)
 End Bits:   [0x00000000179f8000, 0x000000001b9a0000)

Polling page: 0x0000000001060000

CodeCache: size=245760Kb used=10421Kb max_used=10425Kb free=235338Kb
 bounds [0x0000000003140000, 0x0000000003b80000, 0x0000000012140000]
 total_blobs=3021 nmethods=2330 adapters=602
 compilation: enabled

Compilation events (10 events):
Event: 91.550 Thread 0x0000000020204000 nmethod 2684 0x0000000003b73b10 code [0x0000000003b73dc0, 0x0000000003b756f8]
Event: 91.567 Thread 0x0000000020203800 nmethod 2682 0x0000000003b79750 code [0x0000000003b79940, 0x0000000003b7a240]
Event: 92.032 Thread 0x0000000020204000 2692       3       java.util.concurrent.locks.AbstractQueuedSynchronizer$ConditionObject::addConditionWaiter (64 bytes)
Event: 92.033 Thread 0x0000000020204000 nmethod 2692 0x0000000003b78fd0 code [0x0000000003b79160, 0x0000000003b795a8]
Event: 92.033 Thread 0x0000000020204000 2693       3       java.util.concurrent.locks.AbstractQueuedSynchronizer$Node::<init> (15 bytes)
Event: 92.034 Thread 0x0000000020204000 nmethod 2693 0x0000000003b78c10 code [0x0000000003b78d60, 0x0000000003b78f30]
Event: 92.224 Thread 0x0000000020204000 2694   !   3       java.util.concurrent.LinkedBlockingQueue::signalNotEmpty (33 bytes)
Event: 92.225 Thread 0x0000000020204000 nmethod 2694 0x0000000003b77bd0 code [0x0000000003b77dc0, 0x0000000003b78738]
Event: 92.225 Thread 0x0000000020204000 2695       3       java.util.concurrent.locks.AbstractQueuedSynchronizer::transferForSignal (45 bytes)
Event: 92.225 Thread 0x0000000020204000 nmethod 2695 0x0000000003b773d0 code [0x0000000003b77560, 0x0000000003b77a38]

GC Heap History (10 events):
Event: 5.057 GC heap before
{Heap before GC invocations=9 (full 0):
 PSYoungGen      total 551424K, used 533950K [0x000000076b200000, 0x000000078e900000, 0x00000007c0000000)
  eden space 524288K, 100% used [0x000000076b200000,0x000000078b200000,0x000000078b200000)
  from space 27136K, 35% used [0x000000078ce80000,0x000000078d7efb10,0x000000078e900000)
  to   space 28160K, 0% used [0x000000078b200000,0x000000078b200000,0x000000078cd80000)
 ParOldGen       total 175104K, used 30627K [0x00000006c1600000, 0x00000006cc100000, 0x000000076b200000)
  object space 175104K, 17% used [0x00000006c1600000,0x00000006c33e8d60,0x00000006cc100000)
 Metaspace       used 8491K, capacity 8588K, committed 8704K, reserved 1056768K
  class space    used 899K, capacity 944K, committed 1024K, reserved 1048576K
Event: 5.064 GC heap after
Heap after GC invocations=9 (full 0):
 PSYoungGen      total 552448K, used 384K [0x000000076b200000, 0x00000007a1e80000, 0x00000007c0000000)
  eden space 524288K, 0% used [0x000000076b200000,0x000000076b200000,0x000000078b200000)
  from space 28160K, 1% used [0x000000078b200000,0x000000078b260000,0x000000078cd80000)
  to   space 29184K, 0% used [0x00000007a0200000,0x00000007a0200000,0x00000007a1e80000)
 ParOldGen       total 175104K, used 39026K [0x00000006c1600000, 0x00000006cc100000, 0x000000076b200000)
  object space 175104K, 22% used [0x00000006c1600000,0x00000006c3c1c9c0,0x00000006cc100000)
 Metaspace       used 8491K, capacity 8588K, committed 8704K, reserved 1056768K
  class space    used 899K, capacity 944K, committed 1024K, reserved 1048576K
}
Event: 5.761 GC heap before
{Heap before GC invocations=10 (full 0):
 PSYoungGen      total 552448K, used 524672K [0x000000076b200000, 0x00000007a1e80000, 0x00000007c0000000)
  eden space 524288K, 100% used [0x000000076b200000,0x000000078b200000,0x000000078b200000)
  from space 28160K, 1% used [0x000000078b200000,0x000000078b260000,0x000000078cd80000)
  to   space 29184K, 0% used [0x00000007a0200000,0x00000007a0200000,0x00000007a1e80000)
 ParOldGen       total 175104K, used 39026K [0x00000006c1600000, 0x00000006cc100000, 0x000000076b200000)
  object space 175104K, 22% used [0x00000006c1600000,0x00000006c3c1c9c0,0x00000006cc100000)
 Metaspace       used 8521K, capacity 8652K, committed 8960K, reserved 1056768K
  class space    used 901K, capacity 944K, committed 1024K, reserved 1048576K
Event: 5.778 GC heap after
Heap after GC invocations=10 (full 0):
 PSYoungGen      total 860672K, used 29162K [0x000000076b200000, 0x00000007a2d80000, 0x00000007c0000000)
  eden space 831488K, 0% used [0x000000076b200000,0x000000076b200000,0x000000079de00000)
  from space 29184K, 99% used [0x00000007a0200000,0x00000007a1e7a990,0x00000007a1e80000)
  to   space 36864K, 0% used [0x000000079de00000,0x000000079de00000,0x00000007a0200000)
 ParOldGen       total 175104K, used 46866K [0x00000006c1600000, 0x00000006cc100000, 0x000000076b200000)
  object space 175104K, 26% used [0x00000006c1600000,0x00000006c43c49c0,0x00000006cc100000)
 Metaspace       used 8521K, capacity 8652K, committed 8960K, reserved 1056768K
  class space    used 901K, capacity 944K, committed 1024K, reserved 1048576K
}
Event: 8.373 GC heap before
{Heap before GC invocations=11 (full 0):
 PSYoungGen      total 860672K, used 860650K [0x000000076b200000, 0x00000007a2d80000, 0x00000007c0000000)
  eden space 831488K, 100% used [0x000000076b200000,0x000000079de00000,0x000000079de00000)
  from space 29184K, 99% used [0x00000007a0200000,0x00000007a1e7a990,0x00000007a1e80000)
  to   space 36864K, 0% used [0x000000079de00000,0x000000079de00000,0x00000007a0200000)
 ParOldGen       total 175104K, used 46866K [0x00000006c1600000, 0x00000006cc100000, 0x000000076b200000)
  object space 175104K, 26% used [0x00000006c1600000,0x00000006c43c49c0,0x00000006cc100000)
 Metaspace       used 15016K, capacity 15142K, committed 15232K, reserved 1062912K
  class space    used 1881K, capacity 1913K, committed 1920K, reserved 1048576K
Event: 8.400 GC heap after
Heap after GC invocations=11 (full 0):
 PSYoungGen      total 868352K, used 8894K [0x000000076b200000, 0x00000007c0000000, 0x00000007c0000000)
  eden space 831488K, 0% used [0x000000076b200000,0x000000076b200000,0x000000079de00000)
  from space 36864K, 24% used [0x000000079de00000,0x000000079e6afad0,0x00000007a0200000)
  to   space 35328K, 0% used [0x00000007bdd80000,0x00000007bdd80000,0x00000007c0000000)
 ParOldGen       total 175104K, used 46906K [0x00000006c1600000, 0x00000006cc100000, 0x000000076b200000)
  object space 175104K, 26% used [0x00000006c1600000,0x00000006c43ce9c0,0x00000006cc100000)
 Metaspace       used 15016K, capacity 15142K, committed 15232K, reserved 1062912K
  class space    used 1881K, capacity 1913K, committed 1920K, reserved 1048576K
}
Event: 10.180 GC heap before
{Heap before GC invocations=12 (full 0):
 PSYoungGen      total 868352K, used 840382K [0x000000076b200000, 0x00000007c0000000, 0x00000007c0000000)
  eden space 831488K, 100% used [0x000000076b200000,0x000000079de00000,0x000000079de00000)
  from space 36864K, 24% used [0x000000079de00000,0x000000079e6afad0,0x00000007a0200000)
  to   space 35328K, 0% used [0x00000007bdd80000,0x00000007bdd80000,0x00000007c0000000)
 ParOldGen       total 175104K, used 46906K [0x00000006c1600000, 0x00000006cc100000, 0x000000076b200000)
  object space 175104K, 26% used [0x00000006c1600000,0x00000006c43ce9c0,0x00000006cc100000)
 Metaspace       used 16000K, capacity 16198K, committed 16512K, reserved 1062912K
  class space    used 1991K, capacity 2073K, committed 2176K, reserved 1048576K
Event: 10.183 GC heap after
Heap after GC invocations=12 (full 0):
 PSYoungGen      total 1353216K, used 926K [0x000000076b200000, 0x00000007bff80000, 0x00000007c0000000)
  eden space 1318400K, 0% used [0x000000076b200000,0x000000076b200000,0x00000007bb980000)
  from space 34816K, 2% used [0x00000007bdd80000,0x00000007bde67b00,0x00000007bff80000)
  to   space 35840K, 0% used [0x00000007bb980000,0x00000007bb980000,0x00000007bdc80000)
 ParOldGen       total 175104K, used 49858K [0x00000006c1600000, 0x00000006cc100000, 0x000000076b200000)
  object space 175104K, 28% used [0x00000006c1600000,0x00000006c46b0a28,0x00000006cc100000)
 Metaspace       used 16000K, capacity 16198K, committed 16512K, reserved 1062912K
  class space    used 1991K, capacity 2073K, committed 2176K, reserved 1048576K
}
Event: 12.755 GC heap before
{Heap before GC invocations=13 (full 0):
 PSYoungGen      total 1353216K, used 1319326K [0x000000076b200000, 0x00000007bff80000, 0x00000007c0000000)
  eden space 1318400K, 100% used [0x000000076b200000,0x00000007bb980000,0x00000007bb980000)
  from space 34816K, 2% used [0x00000007bdd80000,0x00000007bde67b00,0x00000007bff80000)
  to   space 35840K, 0% used [0x00000007bb980000,0x00000007bb980000,0x00000007bdc80000)
 ParOldGen       total 175104K, used 49858K [0x00000006c1600000, 0x00000006cc100000, 0x000000076b200000)
  object space 175104K, 28% used [0x00000006c1600000,0x00000006c46b0a28,0x00000006cc100000)
 Metaspace       used 16466K, capacity 16582K, committed 16768K, reserved 1064960K
  class space    used 2017K, capacity 2073K, committed 2176K, reserved 1048576K
Event: 12.756 GC heap after
Heap after GC invocations=13 (full 0):
 PSYoungGen      total 1354240K, used 352K [0x000000076b200000, 0x00000007c0000000, 0x00000007c0000000)
  eden space 1318400K, 0% used [0x000000076b200000,0x000000076b200000,0x00000007bb980000)
  from space 35840K, 0% used [0x00000007bb980000,0x00000007bb9d8000,0x00000007bdc80000)
  to   space 35328K, 0% used [0x00000007bdd80000,0x00000007bdd80000,0x00000007c0000000)
 ParOldGen       total 175104K, used 50132K [0x00000006c1600000, 0x00000006cc100000, 0x000000076b200000)
  object space 175104K, 28% used [0x00000006c1600000,0x00000006c46f5268,0x00000006cc100000)
 Metaspace       used 16466K, capacity 16582K, committed 16768K, reserved 1064960K
  class space    used 2017K, capacity 2073K, committed 2176K, reserved 1048576K
}

Deoptimization events (10 events):
Event: 7.268 Thread 0x0000000003042800 Uncommon trap: reason=unstable_if action=reinterpret pc=0x000000000365da0c method=java.net.URI$Parser.parse(Z)V @ 210
Event: 7.312 Thread 0x0000000003042800 Uncommon trap: reason=unstable_if action=reinterpret pc=0x0000000003608854 method=java.io.File.<init>(Ljava/lang/String;)V @ 10
Event: 7.775 Thread 0x0000000003042800 Uncommon trap: reason=unstable_if action=reinterpret pc=0x0000000003568598 method=java.util.regex.Matcher.reset()Ljava/util/regex/Matcher; @ 47
Event: 7.775 Thread 0x0000000003042800 Uncommon trap: reason=predicate action=maybe_recompile pc=0x00000000037581f0 method=java.util.regex.Pattern$Start.match(Ljava/util/regex/Matcher;ILjava/lang/CharSequence;)Z @ 37
Event: 8.629 Thread 0x0000000003042800 Uncommon trap: reason=class_check action=maybe_recompile pc=0x000000000365aa00 method=java.util.HashSet.add(Ljava/lang/Object;)Z @ 8
Event: 8.629 Thread 0x0000000003042800 Uncommon trap: reason=class_check action=maybe_recompile pc=0x000000000365aa00 method=java.util.HashSet.add(Ljava/lang/Object;)Z @ 8
Event: 8.629 Thread 0x0000000003042800 Uncommon trap: reason=class_check action=maybe_recompile pc=0x000000000365aa00 method=java.util.HashSet.add(Ljava/lang/Object;)Z @ 8
Event: 8.629 Thread 0x0000000003042800 Uncommon trap: reason=class_check action=maybe_recompile pc=0x000000000365aa00 method=java.util.HashSet.add(Ljava/lang/Object;)Z @ 8
Event: 13.204 Thread 0x0000000021d56800 Uncommon trap: reason=unstable_if action=reinterpret pc=0x00000000037a6674 method=java.lang.ThreadLocal.get()Ljava/lang/Object; @ 11
Event: 13.215 Thread 0x0000000021d56800 Uncommon trap: reason=unstable_if action=reinterpret pc=0x0000000003647d2c method=java.lang.ThreadLocal$ThreadLocalMap.getEntry(Ljava/lang/ThreadLocal;)Ljava/lang/ThreadLocal$ThreadLocalMap$Entry; @ 29

Internal exceptions (10 events):
Event: 14.032 Thread 0x0000000003042800 Exception <a 'sun/nio/fs/WindowsException'> (0x0000000787316138) thrown at [C:\re\workspace\8-2-build-windows-amd64-cygwin\jdk8u144\9417\hotspot\src\share\vm\prims\jni.cpp, line 709]
Event: 14.032 Thread 0x0000000003042800 Exception <a 'sun/nio/fs/WindowsException'> (0x0000000787317258) thrown at [C:\re\workspace\8-2-build-windows-amd64-cygwin\jdk8u144\9417\hotspot\src\share\vm\prims\jni.cpp, line 709]
Event: 14.116 Thread 0x0000000003042800 Exception <a 'sun/nio/fs/WindowsException'> (0x0000000788c94cc8) thrown at [C:\re\workspace\8-2-build-windows-amd64-cygwin\jdk8u144\9417\hotspot\src\share\vm\prims\jni.cpp, line 709]
Event: 14.116 Thread 0x0000000003042800 Exception <a 'sun/nio/fs/WindowsException'> (0x0000000788c95e58) thrown at [C:\re\workspace\8-2-build-windows-amd64-cygwin\jdk8u144\9417\hotspot\src\share\vm\prims\jni.cpp, line 709]
Event: 14.116 Thread 0x0000000003042800 Exception <a 'sun/nio/fs/WindowsException'> (0x0000000788c96f78) thrown at [C:\re\workspace\8-2-build-windows-amd64-cygwin\jdk8u144\9417\hotspot\src\share\vm\prims\jni.cpp, line 709]
Event: 14.116 Thread 0x0000000003042800 Exception <a 'sun/nio/fs/WindowsException'> (0x0000000788c980b8) thrown at [C:\re\workspace\8-2-build-windows-amd64-cygwin\jdk8u144\9417\hotspot\src\share\vm\prims\jni.cpp, line 709]
Event: 14.116 Thread 0x0000000003042800 Exception <a 'sun/nio/fs/WindowsException'> (0x0000000788c991a8) thrown at [C:\re\workspace\8-2-build-windows-amd64-cygwin\jdk8u144\9417\hotspot\src\share\vm\prims\jni.cpp, line 709]
Event: 14.117 Thread 0x0000000003042800 Exception <a 'sun/nio/fs/WindowsException'> (0x0000000788c9a2e8) thrown at [C:\re\workspace\8-2-build-windows-amd64-cygwin\jdk8u144\9417\hotspot\src\share\vm\prims\jni.cpp, line 709]
Event: 14.117 Thread 0x0000000003042800 Exception <a 'sun/nio/fs/WindowsException'> (0x0000000788c9b3b8) thrown at [C:\re\workspace\8-2-build-windows-amd64-cygwin\jdk8u144\9417\hotspot\src\share\vm\prims\jni.cpp, line 709]
Event: 14.117 Thread 0x0000000003042800 Exception <a 'sun/nio/fs/WindowsException'> (0x0000000788c9c4d8) thrown at [C:\re\workspace\8-2-build-windows-amd64-cygwin\jdk8u144\9417\hotspot\src\share\vm\prims\jni.cpp, line 709]

Events (10 events):
Event: 27.818 Thread 0x0000000020203800 flushing nmethod 0x00000000037ab850
Event: 49.705 Thread 0x0000000020202800 flushing nmethod 0x000000000325dd50
Event: 50.795 Thread 0x0000000020204000 flushing nmethod 0x0000000003423b90
Event: 51.394 Thread 0x0000000020203800 flushing nmethod 0x0000000003485d90
Event: 52.985 Thread 0x0000000020202800 flushing nmethod 0x00000000034a3f10
Event: 52.986 Thread 0x0000000020202800 flushing nmethod 0x00000000034ab450
Event: 55.973 Thread 0x0000000020202800 flushing nmethod 0x0000000003754790
Event: 56.033 Thread 0x00000000201ee000 flushing nmethod 0x00000000037a6410
Event: 56.367 Thread 0x0000000020204000 flushing nmethod 0x00000000037b2e10
Event: 56.367 Thread 0x0000000020204000 flushing nmethod 0x00000000038764d0


Dynamic libraries:
0x00007ff7b8540000 - 0x00007ff7b8577000 	C:\Program Files\Java\jdk1.8.0_144\bin\java.exe
0x00007fff419e0000 - 0x00007fff41bcd000 	C:\WINDOWS\SYSTEM32\ntdll.dll
0x00007fff3f8c0000 - 0x00007fff3f973000 	C:\WINDOWS\System32\KERNEL32.DLL
0x00007fff3df50000 - 0x00007fff3e1e3000 	C:\WINDOWS\System32\KERNELBASE.dll
0x00007fff3f980000 - 0x00007fff3fa23000 	C:\WINDOWS\System32\ADVAPI32.dll
0x00007fff40f20000 - 0x00007fff40fbe000 	C:\WINDOWS\System32\msvcrt.dll
0x00007fff41770000 - 0x00007fff4180e000 	C:\WINDOWS\System32\sechost.dll
0x00007fff41190000 - 0x00007fff412b2000 	C:\WINDOWS\System32\RPCRT4.dll
0x00007fff41810000 - 0x00007fff419a7000 	C:\WINDOWS\System32\USER32.dll
0x00007fff3df30000 - 0x00007fff3df50000 	C:\WINDOWS\System32\win32u.dll
0x00007fff3f4c0000 - 0x00007fff3f4e9000 	C:\WINDOWS\System32\GDI32.dll
0x00007fff3e970000 - 0x00007fff3eb0a000 	C:\WINDOWS\System32\gdi32full.dll
0x00007fff3dab0000 - 0x00007fff3db50000 	C:\WINDOWS\System32\msvcp_win.dll
0x00007fff3dc30000 - 0x00007fff3dd2a000 	C:\WINDOWS\System32\ucrtbase.dll
0x00007fff2d6c0000 - 0x00007fff2d939000 	C:\WINDOWS\WinSxS\amd64_microsoft.windows.common-controls_6595b64144ccf1df_6.0.17763.503_none_05b23ef40721f4ae\COMCTL32.dll
0x00007fff3ece0000 - 0x00007fff3f00c000 	C:\WINDOWS\System32\combase.dll
0x00007fff3db50000 - 0x00007fff3dbce000 	C:\WINDOWS\System32\bcryptPrimitives.dll
0x00007fff412c0000 - 0x00007fff412ee000 	C:\WINDOWS\System32\IMM32.DLL
0x0000000053dc0000 - 0x0000000053e92000 	C:\Program Files\Java\jdk1.8.0_144\jre\bin\msvcr100.dll
0x0000000053520000 - 0x0000000053dbd000 	C:\Program Files\Java\jdk1.8.0_144\jre\bin\server\jvm.dll
0x00007fff40fe0000 - 0x00007fff40fe8000 	C:\WINDOWS\System32\PSAPI.DLL
0x00007fff3b880000 - 0x00007fff3b889000 	C:\WINDOWS\SYSTEM32\WSOCK32.dll
0x00007fff3f440000 - 0x00007fff3f4ad000 	C:\WINDOWS\System32\WS2_32.dll
0x00007fff399e0000 - 0x00007fff39a04000 	C:\WINDOWS\SYSTEM32\WINMM.dll
0x00007fff38490000 - 0x00007fff3849a000 	C:\WINDOWS\SYSTEM32\VERSION.dll
0x00007fff39950000 - 0x00007fff3997d000 	C:\WINDOWS\SYSTEM32\winmmbase.dll
0x00007fff3eb10000 - 0x00007fff3eb5a000 	C:\WINDOWS\System32\cfgmgr32.dll
0x0000000053510000 - 0x000000005351f000 	C:\Program Files\Java\jdk1.8.0_144\jre\bin\verify.dll
0x00000000534e0000 - 0x0000000053509000 	C:\Program Files\Java\jdk1.8.0_144\jre\bin\java.dll
0x0000000053230000 - 0x0000000053253000 	C:\Program Files\Java\jdk1.8.0_144\jre\bin\instrument.dll
0x00000000534a0000 - 0x00000000534b6000 	C:\Program Files\Java\jdk1.8.0_144\jre\bin\zip.dll
0x00007fff3fa30000 - 0x00007fff40f20000 	C:\WINDOWS\System32\SHELL32.dll
0x00007fff3f4f0000 - 0x00007fff3f598000 	C:\WINDOWS\System32\shcore.dll
0x00007fff3e220000 - 0x00007fff3e96a000 	C:\WINDOWS\System32\windows.storage.dll
0x00007fff3da80000 - 0x00007fff3daa4000 	C:\WINDOWS\System32\profapi.dll
0x00007fff3da20000 - 0x00007fff3da7d000 	C:\WINDOWS\System32\powrprof.dll
0x00007fff410d0000 - 0x00007fff41122000 	C:\WINDOWS\System32\shlwapi.dll
0x00007fff3da00000 - 0x00007fff3da11000 	C:\WINDOWS\System32\kernel.appcore.dll
0x00007fff3df10000 - 0x00007fff3df27000 	C:\WINDOWS\System32\cryptsp.dll
0x00007fff2e620000 - 0x00007fff2e63a000 	C:\Program Files\JetBrains\IntelliJ IDEA Community Edition 2019.1.2\bin\breakgen64.dll
0x0000000053450000 - 0x000000005346a000 	C:\Program Files\Java\jdk1.8.0_144\jre\bin\net.dll
0x00007fff3d260000 - 0x00007fff3d2c7000 	C:\WINDOWS\system32\mswsock.dll
0x0000000002f00000 - 0x0000000002f03000 	C:\Users\swhyo\.javacpp\cache\opencv-4.0.1-1.5-windows-x86_64.jar\org\bytedeco\opencv\windows-x86_64\api-ms-win-crt-locale-l1-1-0.dll
0x0000000053260000 - 0x0000000053271000 	C:\Program Files\Java\jdk1.8.0_144\jre\bin\nio.dll
0x0000000002f10000 - 0x0000000002f14000 	C:\Users\swhyo\.javacpp\cache\opencv-4.0.1-1.5-windows-x86_64.jar\org\bytedeco\opencv\windows-x86_64\api-ms-win-crt-string-l1-1-0.dll
0x0000000023260000 - 0x0000000023264000 	C:\Users\swhyo\.javacpp\cache\opencv-4.0.1-1.5-windows-x86_64.jar\org\bytedeco\opencv\windows-x86_64\api-ms-win-crt-stdio-l1-1-0.dll
0x0000000023270000 - 0x0000000023275000 	C:\Users\swhyo\.javacpp\cache\opencv-4.0.1-1.5-windows-x86_64.jar\org\bytedeco\opencv\windows-x86_64\api-ms-win-crt-math-l1-1-0.dll
0x0000000023280000 - 0x0000000023283000 	C:\Users\swhyo\.javacpp\cache\opencv-4.0.1-1.5-windows-x86_64.jar\org\bytedeco\opencv\windows-x86_64\api-ms-win-crt-heap-l1-1-0.dll
0x0000000023290000 - 0x0000000023294000 	C:\Users\swhyo\.javacpp\cache\opencv-4.0.1-1.5-windows-x86_64.jar\org\bytedeco\opencv\windows-x86_64\api-ms-win-crt-runtime-l1-1-0.dll
0x00000000232a0000 - 0x00000000232a4000 	C:\Users\swhyo\.javacpp\cache\opencv-4.0.1-1.5-windows-x86_64.jar\org\bytedeco\opencv\windows-x86_64\api-ms-win-crt-convert-l1-1-0.dll
0x00000000232b0000 - 0x00000000232b3000 	C:\Users\swhyo\.javacpp\cache\opencv-4.0.1-1.5-windows-x86_64.jar\org\bytedeco\opencv\windows-x86_64\api-ms-win-crt-environment-l1-1-0.dll
0x00000000232c0000 - 0x00000000232c3000 	C:\Users\swhyo\.javacpp\cache\opencv-4.0.1-1.5-windows-x86_64.jar\org\bytedeco\opencv\windows-x86_64\api-ms-win-crt-time-l1-1-0.dll
0x00000000232d0000 - 0x00000000232d3000 	C:\Users\swhyo\.javacpp\cache\opencv-4.0.1-1.5-windows-x86_64.jar\org\bytedeco\opencv\windows-x86_64\api-ms-win-crt-filesystem-l1-1-0.dll
0x00000000232e0000 - 0x00000000232e3000 	C:\Users\swhyo\.javacpp\cache\opencv-4.0.1-1.5-windows-x86_64.jar\org\bytedeco\opencv\windows-x86_64\api-ms-win-crt-utility-l1-1-0.dll
0x00000000232f0000 - 0x00000000232f5000 	C:\Users\swhyo\.javacpp\cache\opencv-4.0.1-1.5-windows-x86_64.jar\org\bytedeco\opencv\windows-x86_64\api-ms-win-crt-multibyte-l1-1-0.dll
0x0000000023300000 - 0x0000000023303000 	C:\Users\swhyo\.javacpp\cache\opencv-4.0.1-1.5-windows-x86_64.jar\org\bytedeco\opencv\windows-x86_64\api-ms-win-core-string-l1-1-0.dll
0x0000000023310000 - 0x0000000023313000 	C:\Users\swhyo\.javacpp\cache\opencv-4.0.1-1.5-windows-x86_64.jar\org\bytedeco\opencv\windows-x86_64\api-ms-win-core-errorhandling-l1-1-0.dll
0x0000000023320000 - 0x0000000023323000 	C:\Users\swhyo\.javacpp\cache\opencv-4.0.1-1.5-windows-x86_64.jar\org\bytedeco\opencv\windows-x86_64\api-ms-win-core-timezone-l1-1-0.dll
0x0000000023330000 - 0x0000000023334000 	C:\Users\swhyo\.javacpp\cache\opencv-4.0.1-1.5-windows-x86_64.jar\org\bytedeco\opencv\windows-x86_64\api-ms-win-core-file-l1-1-0.dll
0x0000000023340000 - 0x0000000023343000 	C:\Users\swhyo\.javacpp\cache\opencv-4.0.1-1.5-windows-x86_64.jar\org\bytedeco\opencv\windows-x86_64\api-ms-win-core-namedpipe-l1-1-0.dll
0x0000000023350000 - 0x0000000023353000 	C:\Users\swhyo\.javacpp\cache\opencv-4.0.1-1.5-windows-x86_64.jar\org\bytedeco\opencv\windows-x86_64\api-ms-win-core-handle-l1-1-0.dll
0x0000000023360000 - 0x0000000023363000 	C:\Users\swhyo\.javacpp\cache\opencv-4.0.1-1.5-windows-x86_64.jar\org\bytedeco\opencv\windows-x86_64\api-ms-win-core-file-l2-1-0.dll
0x0000000023370000 - 0x0000000023373000 	C:\Users\swhyo\.javacpp\cache\opencv-4.0.1-1.5-windows-x86_64.jar\org\bytedeco\opencv\windows-x86_64\api-ms-win-core-heap-l1-1-0.dll
0x0000000023380000 - 0x0000000023383000 	C:\Users\swhyo\.javacpp\cache\opencv-4.0.1-1.5-windows-x86_64.jar\org\bytedeco\opencv\windows-x86_64\api-ms-win-core-libraryloader-l1-1-0.dll
0x0000000023390000 - 0x0000000023393000 	C:\Users\swhyo\.javacpp\cache\opencv-4.0.1-1.5-windows-x86_64.jar\org\bytedeco\opencv\windows-x86_64\api-ms-win-core-synch-l1-1-0.dll
0x00000000233a0000 - 0x00000000233a3000 	C:\Users\swhyo\.javacpp\cache\opencv-4.0.1-1.5-windows-x86_64.jar\org\bytedeco\opencv\windows-x86_64\api-ms-win-core-processthreads-l1-1-0.dll
0x00000000233b0000 - 0x00000000233b3000 	C:\Users\swhyo\.javacpp\cache\opencv-4.0.1-1.5-windows-x86_64.jar\org\bytedeco\opencv\windows-x86_64\api-ms-win-core-processenvironment-l1-1-0.dll
0x0000000024750000 - 0x0000000024753000 	C:\Users\swhyo\.javacpp\cache\opencv-4.0.1-1.5-windows-x86_64.jar\org\bytedeco\opencv\windows-x86_64\api-ms-win-core-datetime-l1-1-0.dll
0x0000000024760000 - 0x0000000024763000 	C:\Users\swhyo\.javacpp\cache\opencv-4.0.1-1.5-windows-x86_64.jar\org\bytedeco\opencv\windows-x86_64\api-ms-win-core-localization-l1-2-0.dll
0x0000000024770000 - 0x0000000024773000 	C:\Users\swhyo\.javacpp\cache\opencv-4.0.1-1.5-windows-x86_64.jar\org\bytedeco\opencv\windows-x86_64\api-ms-win-core-sysinfo-l1-1-0.dll
0x0000000024390000 - 0x0000000024393000 	C:\Users\swhyo\.javacpp\cache\opencv-4.0.1-1.5-windows-x86_64.jar\org\bytedeco\opencv\windows-x86_64\api-ms-win-core-synch-l1-2-0.dll
0x00000000243a0000 - 0x00000000243a3000 	C:\Users\swhyo\.javacpp\cache\opencv-4.0.1-1.5-windows-x86_64.jar\org\bytedeco\opencv\windows-x86_64\api-ms-win-core-console-l1-1-0.dll
0x00000000243b0000 - 0x00000000243b3000 	C:\Users\swhyo\.javacpp\cache\opencv-4.0.1-1.5-windows-x86_64.jar\org\bytedeco\opencv\windows-x86_64\api-ms-win-core-debug-l1-1-0.dll
0x00000000243c0000 - 0x00000000243c3000 	C:\Users\swhyo\.javacpp\cache\opencv-4.0.1-1.5-windows-x86_64.jar\org\bytedeco\opencv\windows-x86_64\api-ms-win-core-rtlsupport-l1-1-0.dll
0x00000000243d0000 - 0x00000000243d3000 	C:\Users\swhyo\.javacpp\cache\opencv-4.0.1-1.5-windows-x86_64.jar\org\bytedeco\opencv\windows-x86_64\api-ms-win-core-processthreads-l1-1-1.dll
0x00000000243e0000 - 0x00000000243e3000 	C:\Users\swhyo\.javacpp\cache\opencv-4.0.1-1.5-windows-x86_64.jar\org\bytedeco\opencv\windows-x86_64\api-ms-win-core-file-l1-2-0.dll
0x00000000243f0000 - 0x00000000243f3000 	C:\Users\swhyo\.javacpp\cache\opencv-4.0.1-1.5-windows-x86_64.jar\org\bytedeco\opencv\windows-x86_64\api-ms-win-core-profile-l1-1-0.dll
0x0000000024400000 - 0x0000000024403000 	C:\Users\swhyo\.javacpp\cache\opencv-4.0.1-1.5-windows-x86_64.jar\org\bytedeco\opencv\windows-x86_64\api-ms-win-core-memory-l1-1-0.dll
0x0000000024410000 - 0x0000000024413000 	C:\Users\swhyo\.javacpp\cache\opencv-4.0.1-1.5-windows-x86_64.jar\org\bytedeco\opencv\windows-x86_64\api-ms-win-core-util-l1-1-0.dll
0x0000000024420000 - 0x0000000024423000 	C:\Users\swhyo\.javacpp\cache\opencv-4.0.1-1.5-windows-x86_64.jar\org\bytedeco\opencv\windows-x86_64\api-ms-win-core-interlocked-l1-1-0.dll
0x00007ffefb220000 - 0x00007ffefb315000 	C:\Users\swhyo\.javacpp\cache\opencv-4.0.1-1.5-windows-x86_64.jar\org\bytedeco\opencv\windows-x86_64\ucrtbase.dll
0x00007fff2e4c0000 - 0x00007fff2e4d7000 	C:\Users\swhyo\.javacpp\cache\opencv-4.0.1-1.5-windows-x86_64.jar\org\bytedeco\opencv\windows-x86_64\vcruntime140.dll
0x00007fff00640000 - 0x00007fff006dd000 	C:\Users\swhyo\.javacpp\cache\opencv-4.0.1-1.5-windows-x86_64.jar\org\bytedeco\opencv\windows-x86_64\msvcp140.dll
0x00007fff0c1d0000 - 0x00007fff0c221000 	C:\Users\swhyo\.javacpp\cache\opencv-4.0.1-1.5-windows-x86_64.jar\org\bytedeco\opencv\windows-x86_64\concrt140.dll
0x00007fff0f2e0000 - 0x00007fff0f30e000 	C:\Users\swhyo\.javacpp\cache\opencv-4.0.1-1.5-windows-x86_64.jar\org\bytedeco\opencv\windows-x86_64\vcomp140.dll
0x00007ffedce60000 - 0x00007ffedd1f1000 	C:\Users\swhyo\.javacpp\cache\opencv-4.0.1-1.5-windows-x86_64.jar\org\bytedeco\opencv\windows-x86_64\opencv_core401.dll
0x00007ffedca10000 - 0x00007ffedce57000 	C:\Users\swhyo\.javacpp\cache\opencv-4.0.1-1.5-windows-x86_64.jar\org\bytedeco\opencv\windows-x86_64\opencv_imgproc401.dll
0x00007ffedc670000 - 0x00007ffedca02000 	C:\Users\swhyo\.javacpp\cache\opencv-4.0.1-1.5-windows-x86_64.jar\org\bytedeco\opencv\windows-x86_64\jniopencv_core.dll
0x0000000064940000 - 0x0000000064955000 	C:\Users\swhyo\.javacpp\cache\mkl-dnn-0.18.1-1.5-windows-x86_64.jar\org\bytedeco\mkldnn\windows-x86_64\libwinpthread-1.dll
0x0000000061440000 - 0x000000006145c000 	C:\Users\swhyo\.javacpp\cache\mkl-dnn-0.18.1-1.5-windows-x86_64.jar\org\bytedeco\mkldnn\windows-x86_64\libgcc_s_seh-1.dll
0x0000000063600000 - 0x000000006362f000 	C:\Users\swhyo\.javacpp\cache\mkl-dnn-0.18.1-1.5-windows-x86_64.jar\org\bytedeco\mkldnn\windows-x86_64\libgomp-1.dll
0x000000006fc40000 - 0x000000006fda6000 	C:\Users\swhyo\.javacpp\cache\mkl-dnn-0.18.1-1.5-windows-x86_64.jar\org\bytedeco\mkldnn\windows-x86_64\libstdc++-6.dll
0x00007ffef7000000 - 0x00007ffef70ef000 	C:\Users\swhyo\.javacpp\cache\mkl-dnn-0.18.1-1.5-windows-x86_64.jar\org\bytedeco\mkldnn\windows-x86_64\msvcr120.dll
0x00007ffef6960000 - 0x00007ffef6b29000 	C:\Users\swhyo\.javacpp\cache\mkl-dnn-0.18.1-1.5-windows-x86_64.jar\org\bytedeco\mkldnn\windows-x86_64\libiomp5md.dll
0x00007ffec83e0000 - 0x00007ffecdc51000 	C:\Users\swhyo\.javacpp\cache\mkl-dnn-0.18.1-1.5-windows-x86_64.jar\org\bytedeco\mkldnn\windows-x86_64\mklml.dll
0x0000000062100000 - 0x000000006289a000 	C:\Users\swhyo\.javacpp\cache\mkl-dnn-0.18.1-1.5-windows-x86_64.jar\org\bytedeco\mkldnn\windows-x86_64\libmkldnn.dll
0x0000000069480000 - 0x000000006d161000 	C:\Users\swhyo\.javacpp\cache\nd4j-native-1.0.0-beta4-windows-x86_64.jar\org\nd4j\nativeblas\windows-x86_64\libnd4jcpu.dll
0x0000000066880000 - 0x0000000066b8d000 	C:\Users\swhyo\.javacpp\cache\nd4j-native-1.0.0-beta4-windows-x86_64.jar\org\nd4j\nativeblas\windows-x86_64\jnind4jcpu.dll
0x00007ffec2b60000 - 0x00007ffec83d1000 	C:\Users\swhyo\.javacpp\cache\mkl-dnn-0.18.1-1.5-windows-x86_64.jar\org\bytedeco\mkldnn\windows-x86_64\libopenblas_nolapack.dll
0x0000000071000000 - 0x000000007105f000 	C:\Users\swhyo\.javacpp\cache\openblas-0.3.5-1.5-windows-x86_64.jar\org\bytedeco\openblas\windows-x86_64\jniopenblas_nolapack.dll
0x00007fff3ce20000 - 0x00007fff3ce53000 	C:\WINDOWS\system32\rsaenh.dll
0x00007fff3e1f0000 - 0x00007fff3e216000 	C:\WINDOWS\System32\bcrypt.dll
0x00007fff3d910000 - 0x00007fff3d938000 	C:\WINDOWS\SYSTEM32\USERENV.dll
0x00007fff3d430000 - 0x00007fff3d43c000 	C:\WINDOWS\SYSTEM32\CRYPTBASE.dll
0x00007fff3cfc0000 - 0x00007fff3cffd000 	C:\WINDOWS\SYSTEM32\IPHLPAPI.DLL
0x00007fff3f4b0000 - 0x00007fff3f4b8000 	C:\WINDOWS\System32\NSI.dll
0x00007fff34e50000 - 0x00007fff34e66000 	C:\WINDOWS\SYSTEM32\dhcpcsvc6.DLL
0x00007fff37210000 - 0x00007fff3722c000 	C:\WINDOWS\SYSTEM32\dhcpcsvc.DLL
0x00007fff3d000000 - 0x00007fff3d0c6000 	C:\WINDOWS\SYSTEM32\DNSAPI.dll
0x00007ffee5160000 - 0x00007ffee52c5000 	C:\Users\swhyo\.javacpp\cache\opencv-4.0.1-1.5-windows-x86_64.jar\org\bytedeco\opencv\windows-x86_64\jniopencv_imgproc.dll
0x00007ffeddcd0000 - 0x00007ffeddfb9000 	C:\Users\swhyo\.javacpp\cache\opencv-4.0.1-1.5-windows-x86_64.jar\org\bytedeco\opencv\windows-x86_64\opencv_imgcodecs401.dll
0x00007fff2e660000 - 0x00007fff2e690000 	C:\Users\swhyo\.javacpp\cache\opencv-4.0.1-1.5-windows-x86_64.jar\org\bytedeco\opencv\windows-x86_64\jniopencv_imgcodecs.dll
0x00007fff2ced0000 - 0x00007fff2d0bd000 	C:\WINDOWS\SYSTEM32\dbghelp.dll

VM Arguments:
jvm_args: -javaagent:C:\Program Files\JetBrains\IntelliJ IDEA Community Edition 2019.1.2\lib\idea_rt.jar=52145:C:\Program Files\JetBrains\IntelliJ IDEA Community Edition 2019.1.2\bin -Dfile.encoding=UTF-8 
java_command: killinglewis.NeuralNetwork.NeuralNetworkTrainAndSave
java_class_path (initial): C:\Users\swhyo\AppData\Local\Temp\classpath304041123.jar;C:\Program Files\JetBrains\IntelliJ IDEA Community Edition 2019.1.2\lib\idea_rt.jar
Launcher Type: SUN_STANDARD

Environment Variables:
JAVA_HOME=C:\Program Files\Java\jdk1.8.0_144\bin\javac.exe
USERNAME=swhyo
OS=Windows_NT
PROCESSOR_IDENTIFIER=Intel64 Family 6 Model 94 Stepping 3, GenuineIntel



---------------  S Y S T E M  ---------------

OS: Windows 10.0 , 64 bit Build 17763 (10.0.17763.475)

CPU:total 8 (initial active 8) (4 cores per cpu, 2 threads per core) family 6 model 94 stepping 3, cmov, cx8, fxsr, mmx, sse, sse2, sse3, ssse3, sse4.1, sse4.2, popcnt, avx, avx2, aes, clmul, erms, rtm, 3dnowpref, lzcnt, ht, tsc, tscinvbit, bmi1, bmi2, adx

Memory: 4k page, physical 16682872k(745420k free), swap 29599240k(808k free)

vm_info: Java HotSpot(TM) 64-Bit Server VM (25.144-b01) for windows-amd64 JRE (1.8.0_144-b01), built on Jul 21 2017 21:57:33 by "java_re" with MS VC++ 10.0 (VS2010)

time: Sat Jun 08 19:02:58 2019
elapsed time: 92 seconds (0d 0h 1m 32s)

